0 info it worked if it ends with ok
1 verbose cli [ 'node', '/usr/local/bin/npm', 'run', 'build' ]
2 info using npm@1.4.6
3 info using node@v0.10.5
4 verbose run-script [ 'prebuild', 'build', 'postbuild' ]
5 info prebuild jquery-dreamstream@1.0.0
6 info build jquery-dreamstream@1.0.0
7 verbose unsafe-perm in lifecycle true
8 info jquery-dreamstream@1.0.0 Failed to exec build script
9 error jquery-dreamstream@1.0.0 build: `browserify build.js > dist/jquery.dreamstream.js`
9 error Exit status 1
10 error Failed at the jquery-dreamstream@1.0.0 build script.
10 error This is most likely a problem with the jquery-dreamstream package,
10 error not with npm itself.
10 error Tell the author that this fails on your system:
10 error     browserify build.js > dist/jquery.dreamstream.js
10 error You can get their info via:
10 error     npm owner ls jquery-dreamstream
10 error There is likely additional logging output above.
11 error System Darwin 12.2.1
12 error command "node" "/usr/local/bin/npm" "run" "build"
13 error cwd /Users/zangelle/Sites/jquery-dreamstream
14 error node -v v0.10.5
15 error npm -v 1.4.6
16 error code ELIFECYCLE
17 verbose exit [ 1, true ]
